[INFO ] 2021-10-25 15:16:17.593 [main] Base - chrome browser started
[INFO ] 2021-10-25 15:16:19.420 [main] Base - browser closed
[INFO ] 2021-10-25 15:16:45.549 [main] Base - chrome browser started
[INFO ] 2021-10-25 15:16:47.348 [main] Base - browser closed
[INFO ] 2021-10-25 15:17:05.357 [main] Base - chrome browser started
[INFO ] 2021-10-25 15:17:10.464 [main] Base - opening url
[INFO ] 2021-10-25 15:17:10.621 [main] Base - Entering username
[INFO ] 2021-10-25 15:17:10.743 [main] Base - Entering password
[INFO ] 2021-10-25 15:17:12.250 [main] Base - clicking login button
[INFO ] 2021-10-25 15:17:12.591 [main] Base - browser closed
[INFO ] 2021-10-25 15:21:31.624 [main] Base - chrome browser started
[INFO ] 2021-10-25 15:21:37.312 [main] Base - opening url
[INFO ] 2021-10-25 15:21:37.460 [main] Base - Entering username
[INFO ] 2021-10-25 15:21:37.571 [main] Base - Entering password
[INFO ] 2021-10-25 15:21:39.181 [main] Base - clicking login button
[INFO ] 2021-10-25 15:21:39.483 [main] Base - browser closed
[INFO ] 2021-10-25 15:22:47.234 [main] Base - chrome browser started
[INFO ] 2021-10-25 15:22:51.629 [main] Base - opening url
[INFO ] 2021-10-25 15:22:51.776 [main] Base - Entering username
[INFO ] 2021-10-25 15:22:51.886 [main] Base - Entering password
[INFO ] 2021-10-25 15:22:53.439 [main] Base - clicking login button
[INFO ] 2021-10-25 15:22:53.745 [main] Base - browser closed
[INFO ] 2021-10-25 15:45:23.300 [main] Base - chrome browser started
[INFO ] 2021-10-25 15:45:29.100 [main] Base - opening url
[INFO ] 2021-10-25 15:45:29.269 [main] Base - Entering username
[INFO ] 2021-10-25 15:45:29.395 [main] Base - Entering password
[INFO ] 2021-10-25 15:45:30.957 [main] Base - clicking login button
[INFO ] 2021-10-25 15:45:31.238 [main] Base - browser closed
[INFO ] 2021-10-25 16:06:12.519 [main] Base - chrome browser started
[INFO ] 2021-10-25 16:06:18.614 [main] Base - opening url
[INFO ] 2021-10-25 16:06:18.760 [main] Base - Entering username
[INFO ] 2021-10-25 16:06:18.876 [main] Base - Entering password
[INFO ] 2021-10-25 16:06:20.469 [main] Base - clicking login button
[INFO ] 2021-10-25 16:06:20.598 [main] Base - browser closed
[INFO ] 2021-10-25 16:06:21.816 [main] Base - chrome browser started
[INFO ] 2021-10-25 16:06:22.135 [main] Base - browser closed
[INFO ] 2021-10-25 16:07:30.459 [main] Base - chrome browser started
[INFO ] 2021-10-25 16:07:37.550 [main] Base - opening url
[INFO ] 2021-10-25 16:07:37.697 [main] Base - Entering username
[INFO ] 2021-10-25 16:07:37.813 [main] Base - Entering password
[INFO ] 2021-10-25 16:07:40.090 [main] Base - clicking login button
[INFO ] 2021-10-25 16:07:40.218 [main] Base - browser closed
[INFO ] 2021-10-25 16:07:41.400 [main] Base - chrome browser started
[INFO ] 2021-10-25 16:08:15.965 [main] Base - browser closed
[INFO ] 2021-10-25 16:13:39.710 [main] Base - chrome browser started
[INFO ] 2021-10-25 16:13:45.167 [main] Base - opening url
[INFO ] 2021-10-25 16:13:45.357 [main] Base - Entering username
[INFO ] 2021-10-25 16:13:45.488 [main] Base - Entering password
[INFO ] 2021-10-25 16:13:47.018 [main] Base - clicking login button
[INFO ] 2021-10-25 16:13:47.100 [main] Base - browser closed
[INFO ] 2021-10-25 16:13:48.218 [main] Base - chrome browser started
[INFO ] 2021-10-25 16:14:29.594 [main] Base - browser closed
[INFO ] 2021-10-25 16:17:31.709 [main] Base - chrome browser started
[INFO ] 2021-10-25 16:17:37.711 [main] Base - opening url
[INFO ] 2021-10-25 16:17:37.857 [main] Base - Entering username
[INFO ] 2021-10-25 16:17:37.967 [main] Base - Entering password
[INFO ] 2021-10-25 16:17:39.508 [main] Base - clicking login button
[INFO ] 2021-10-25 16:17:39.651 [main] Base - browser closed
[INFO ] 2021-10-25 16:17:40.834 [main] Base - chrome browser started
[INFO ] 2021-10-25 16:18:23.811 [main] Base - browser closed
[INFO ] 2021-10-25 18:26:41.585 [main] Base - chrome browser started
[INFO ] 2021-10-25 18:34:42.740 [main] Base - chrome browser started
[INFO ] 2021-10-25 18:35:11.464 [main] Base - browser closed
[INFO ] 2021-10-25 18:36:26.924 [main] Base - chrome browser started
[INFO ] 2021-10-25 18:36:31.394 [main] Base - opening url
[INFO ] 2021-10-25 18:36:31.616 [main] Base - Entering username
[INFO ] 2021-10-25 18:36:31.788 [main] Base - Entering password
[INFO ] 2021-10-25 18:36:33.313 [main] Base - clicking login button
[INFO ] 2021-10-25 18:36:33.425 [main] Base - browser closed
[INFO ] 2021-10-25 18:36:34.561 [main] Base - chrome browser started
[INFO ] 2021-10-25 18:37:15.564 [main] Base - browser closed
[INFO ] 2021-10-25 18:37:16.712 [main] Base - chrome browser started
[INFO ] 2021-10-25 18:37:56.754 [main] Base - browser closed
